03/24/2017 10:39:29 AM 
========
Script Started Running 
=========

03/24/2017 10:41:33 AM [ERROR] TIMED OUT: http://www.springernature.com/scigraph/things/articles/006d87e4250cc756eb1887ba3506276b
03/24/2017 10:54:29 AM [ERROR] TIMED OUT: http://www.springernature.com/scigraph/things/articles/0445772920b1b8d6e918cc2e14dcf834
03/24/2017 11:05:41 AM [ERROR] TIMED OUT: http://www.springernature.com/scigraph/things/articles/075710fc7234e28add3af59f2ec58053
03/24/2017 11:47:36 AM [ERROR] TIMED OUT: http://www.springernature.com/scigraph/things/articles/12a4967dad39e3aa12815708094ee2dc
03/24/2017 12:10:07 PM [ERROR] TIMED OUT: http://www.springernature.com/scigraph/things/articles/185aea1fc1b4c7700d25ee69c6c338fb
03/24/2017 12:11:07 PM [ERROR] TIMED OUT: http://www.springernature.com/scigraph/things/articles/185af5749e05b7cc7a04533c08f5c79e
03/24/2017 12:16:37 PM [ERROR] TIMED OUT: http://www.springernature.com/scigraph/things/articles/195a9cc031be285d1d9b1712b37fc24f
03/24/2017 12:56:37 PM [ERROR] TIMED OUT: http://www.springernature.com/scigraph/things/articles/242c2c572715bcc63efd1b807bae282f
03/24/2017 01:23:41 PM [ERROR] TIMED OUT: http://www.springernature.com/scigraph/things/articles/2ae017625b0355eceb8ed891eaec17b8
03/24/2017 01:24:41 PM [ERROR] TIMED OUT: http://www.springernature.com/scigraph/things/articles/2ae0261a7b7e41fdb505faf8c80ac289
03/24/2017 01:41:40 PM [ERROR] TIMED OUT: http://www.springernature.com/scigraph/things/articles/2d04616ab75bc97bd480913242636192
03/24/2017 01:55:56 PM [ERROR] TIMED OUT: http://www.springernature.com/scigraph/things/articles/30c2accf98ebb133115c6ea84c42d0d2
03/24/2017 02:00:03 PM [ERROR] TIMED OUT: http://www.springernature.com/scigraph/things/articles/31b14fbe8e582c26e8c6720df7f35b2b
03/24/2017 03:13:25 PM [ERROR] TIMED OUT: http://www.springernature.com/scigraph/things/articles/44abcf81a82d9253c484ecc4e8bffd57
03/24/2017 03:59:59 PM [ERROR] TIMED OUT: http://www.springernature.com/scigraph/things/articles/503134a9f6eb63ff07482bb64b03d627
03/24/2017 04:49:29 PM [ERROR] TIMED OUT: http://www.springernature.com/scigraph/things/articles/5b700715323c82812ee07165e666944a
03/24/2017 04:55:50 PM [ERROR] TIMED OUT: http://www.springernature.com/scigraph/things/articles/5ccb1a7a4e1bca6c2a150f848c907e8e
03/24/2017 05:06:36 PM [ERROR] TIMED OUT: http://www.springernature.com/scigraph/things/articles/5f1410537d83655a34e9dee54897b1a8
03/24/2017 06:17:28 PM [ERROR] TIMED OUT: http://www.springernature.com/scigraph/things/articles/702a41a4620b84ec7fd046fca4232236
03/24/2017 06:21:59 PM [ERROR] TIMED OUT: http://www.springernature.com/scigraph/things/articles/70e09283db5e52a5b43af63b272449be
03/24/2017 06:41:25 PM [ERROR] TIMED OUT: http://www.springernature.com/scigraph/things/articles/754aea9195617564d93d14983f3bc0fb
03/24/2017 06:44:46 PM [ERROR] TIMED OUT: http://www.springernature.com/scigraph/things/articles/75ce4542962dee5596913fc1b46ea4ff
03/24/2017 07:17:37 PM [ERROR] TIMED OUT: http://www.springernature.com/scigraph/things/articles/80af0a4cbd3c07dd5726dec553eaf7e0
03/24/2017 07:18:37 PM [ERROR] TIMED OUT: http://www.springernature.com/scigraph/things/articles/80af27ee0815bc4ba1786022c372bbf4
03/24/2017 07:22:35 PM [ERROR] TIMED OUT: http://www.springernature.com/scigraph/things/articles/81b9e0b5d76bf0ef357544e72652ba77
03/24/2017 07:25:43 PM [ERROR] TIMED OUT: http://www.springernature.com/scigraph/things/articles/826419ec8230a5178136226a7f18b802
03/24/2017 07:26:43 PM [ERROR] TIMED OUT: http://www.springernature.com/scigraph/things/articles/826430a89069eac93983e2e23019bd22
03/24/2017 07:54:24 PM [ERROR] TIMED OUT: http://www.springernature.com/scigraph/things/articles/88be645ebe05bd5566c891e7a6a3e9a6
03/24/2017 08:02:28 PM [ERROR] TIMED OUT: http://www.springernature.com/scigraph/things/articles/8a651bc6bd7952f7fb85beac1b7f977a
03/24/2017 08:37:12 PM [ERROR] TIMED OUT: http://www.springernature.com/scigraph/things/articles/9471cc27a2d357932e18cc677221790c
03/24/2017 08:51:10 PM [ERROR] TIMED OUT: http://www.springernature.com/scigraph/things/articles/988322b7feb8ef2324aeb6a5f3e27396
03/24/2017 08:57:35 PM [ERROR] TIMED OUT: http://www.springernature.com/scigraph/things/articles/9a134c934df47032b6550b9ac9ecea71
03/24/2017 09:23:43 PM [ERROR] TIMED OUT: http://www.springernature.com/scigraph/things/articles/a1ea9eb837307e8149084f14e5e3df2f
03/24/2017 09:24:43 PM [ERROR] TIMED OUT: http://www.springernature.com/scigraph/things/articles/a1eacebe0d13e765878b5efc11f62b00
03/24/2017 09:55:26 PM [ERROR] TIMED OUT: http://www.springernature.com/scigraph/things/articles/ab31bc8606d3eebc7134d182a87b9dde
03/24/2017 10:11:42 PM [ERROR] TIMED OUT: http://www.springernature.com/scigraph/things/articles/afb188cec087d9cb24e3315d060e4d0d
03/24/2017 10:53:56 PM [ERROR] TIMED OUT: http://www.springernature.com/scigraph/things/articles/bc7818f0118cbb64836cffaca539c7e4
03/24/2017 11:01:16 PM [ERROR] TIMED OUT: http://www.springernature.com/scigraph/things/articles/be40b541b8d40b614162e9928ad50277
03/24/2017 11:17:01 PM [ERROR] TIMED OUT: http://www.springernature.com/scigraph/things/articles/c2cc3bf0bb0fd5ce69e76de7b2f11d9e
03/24/2017 11:37:29 PM [ERROR] TIMED OUT: http://www.springernature.com/scigraph/things/articles/c8dceacc1779bd2bfaaa9146ffc6fdde
03/25/2017 12:07:49 AM [ERROR] TIMED OUT: http://www.springernature.com/scigraph/things/articles/d1a5c3f5d233a7e9e9af317466715cd5
03/25/2017 12:19:18 AM [ERROR] TIMED OUT: http://www.springernature.com/scigraph/things/articles/d4b4d124d2cdbb0a5200d424d1750c80
03/25/2017 12:39:14 AM [ERROR] TIMED OUT: http://www.springernature.com/scigraph/things/articles/da48f42708a5681b97259c91b6e46b5c
03/25/2017 12:40:14 AM [ERROR] TIMED OUT: http://www.springernature.com/scigraph/things/articles/da4919a1ba6bc67d49a9408990aa2fac
03/25/2017 01:13:54 AM [ERROR] TIMED OUT: http://www.springernature.com/scigraph/things/articles/e424dfbf051e5b4326dd3e0dad1c6be2
03/25/2017 02:45:56 AM Completed with index: 351018
